30-Dec-22 20:35:05 - RequestBuy - INFO - Requesting data from Binance
30-Dec-22 20:35:05 - urllib3.connectionpool - DEBUG - Starting new HTTPS connection (1): p2p.binance.com:443
30-Dec-22 20:35:06 - urllib3.connectionpool - DEBUG - https://p2p.binance.com:443 "POST /bapi/c2c/v2/friendly/c2c/adv/search HTTP/1.1" 200 3078
30-Dec-22 20:35:06 - RequestBuy - INFO - Request successful
30-Dec-22 20:35:06 - RequestBuy - INFO - Data written to file
30-Dec-22 20:35:06 - Main - INFO - --------------------
30-Dec-22 20:35:06 - RequestSell - INFO - Requesting data from Binance
30-Dec-22 20:35:06 - urllib3.connectionpool - DEBUG - Starting new HTTPS connection (1): p2p.binance.com:443
30-Dec-22 20:35:07 - urllib3.connectionpool - DEBUG - https://p2p.binance.com:443 "POST /bapi/c2c/v2/friendly/c2c/adv/search HTTP/1.1" 200 2541
30-Dec-22 20:35:07 - RequestSell - INFO - Request successful
30-Dec-22 20:35:07 - RequestSell - INFO - Data written to file
30-Dec-22 20:35:07 - Main - INFO - --------------------
30-Dec-22 20:35:35 - RequestBuy - INFO - Requesting data from Binance
30-Dec-22 20:35:35 - urllib3.connectionpool - DEBUG - Starting new HTTPS connection (1): p2p.binance.com:443
30-Dec-22 20:35:36 - urllib3.connectionpool - DEBUG - https://p2p.binance.com:443 "POST /bapi/c2c/v2/friendly/c2c/adv/search HTTP/1.1" 200 3069
30-Dec-22 20:35:36 - RequestBuy - INFO - Request successful
30-Dec-22 20:35:36 - RequestBuy - INFO - Data written to file
30-Dec-22 20:35:36 - Main - INFO - --------------------
30-Dec-22 20:35:36 - RequestSell - INFO - Requesting data from Binance
30-Dec-22 20:35:36 - urllib3.connectionpool - DEBUG - Starting new HTTPS connection (1): p2p.binance.com:443
30-Dec-22 20:35:37 - urllib3.connectionpool - DEBUG - https://p2p.binance.com:443 "POST /bapi/c2c/v2/friendly/c2c/adv/search HTTP/1.1" 200 2541
30-Dec-22 20:35:37 - RequestSell - INFO - Request successful
30-Dec-22 20:35:37 - RequestSell - INFO - Data written to file
30-Dec-22 20:35:37 - Main - INFO - --------------------
30-Dec-22 20:36:05 - RequestBuy - INFO - Requesting data from Binance
30-Dec-22 20:36:05 - urllib3.connectionpool - DEBUG - Starting new HTTPS connection (1): p2p.binance.com:443
30-Dec-22 20:36:06 - urllib3.connectionpool - DEBUG - https://p2p.binance.com:443 "POST /bapi/c2c/v2/friendly/c2c/adv/search HTTP/1.1" 200 3054
30-Dec-22 20:36:06 - RequestBuy - INFO - Request successful
30-Dec-22 20:36:06 - RequestBuy - INFO - Data written to file
30-Dec-22 20:36:06 - Main - INFO - --------------------
30-Dec-22 20:36:06 - RequestSell - INFO - Requesting data from Binance
30-Dec-22 20:36:06 - urllib3.connectionpool - DEBUG - Starting new HTTPS connection (1): p2p.binance.com:443
30-Dec-22 20:36:07 - urllib3.connectionpool - DEBUG - https://p2p.binance.com:443 "POST /bapi/c2c/v2/friendly/c2c/adv/search HTTP/1.1" 200 2541
30-Dec-22 20:36:07 - RequestSell - INFO - Request successful
30-Dec-22 20:36:07 - RequestSell - INFO - Data written to file
30-Dec-22 20:36:07 - Main - INFO - --------------------
30-Dec-22 20:36:35 - RequestBuy - INFO - Requesting data from Binance
30-Dec-22 20:36:35 - urllib3.connectionpool - DEBUG - Starting new HTTPS connection (1): p2p.binance.com:443
30-Dec-22 20:36:36 - urllib3.connectionpool - DEBUG - https://p2p.binance.com:443 "POST /bapi/c2c/v2/friendly/c2c/adv/search HTTP/1.1" 200 3135
30-Dec-22 20:36:36 - RequestBuy - INFO - Request successful
30-Dec-22 20:36:36 - RequestBuy - INFO - Data written to file
30-Dec-22 20:36:36 - Main - INFO - --------------------
30-Dec-22 20:36:36 - RequestSell - INFO - Requesting data from Binance
30-Dec-22 20:36:36 - urllib3.connectionpool - DEBUG - Starting new HTTPS connection (1): p2p.binance.com:443
30-Dec-22 20:36:37 - urllib3.connectionpool - DEBUG - https://p2p.binance.com:443 "POST /bapi/c2c/v2/friendly/c2c/adv/search HTTP/1.1" 200 2541
30-Dec-22 20:36:37 - RequestSell - INFO - Request successful
30-Dec-22 20:36:37 - RequestSell - INFO - Data written to file
30-Dec-22 20:36:37 - Main - INFO - --------------------
30-Dec-22 20:37:05 - RequestBuy - INFO - Requesting data from Binance
30-Dec-22 20:37:05 - urllib3.connectionpool - DEBUG - Starting new HTTPS connection (1): p2p.binance.com:443
30-Dec-22 20:37:06 - urllib3.connectionpool - DEBUG - https://p2p.binance.com:443 "POST /bapi/c2c/v2/friendly/c2c/adv/search HTTP/1.1" 200 3154
30-Dec-22 20:37:06 - RequestBuy - INFO - Request successful
30-Dec-22 20:37:06 - RequestBuy - INFO - Data written to file
30-Dec-22 20:37:06 - Main - INFO - --------------------
30-Dec-22 20:37:06 - RequestSell - INFO - Requesting data from Binance
30-Dec-22 20:37:06 - urllib3.connectionpool - DEBUG - Starting new HTTPS connection (1): p2p.binance.com:443
30-Dec-22 20:37:07 - urllib3.connectionpool - DEBUG - https://p2p.binance.com:443 "POST /bapi/c2c/v2/friendly/c2c/adv/search HTTP/1.1" 200 2541
30-Dec-22 20:37:07 - RequestSell - INFO - Request successful
30-Dec-22 20:37:07 - RequestSell - INFO - Data written to file
30-Dec-22 20:37:07 - Main - INFO - --------------------
30-Dec-22 20:37:35 - RequestBuy - INFO - Requesting data from Binance
30-Dec-22 20:37:35 - urllib3.connectionpool - DEBUG - Starting new HTTPS connection (1): p2p.binance.com:443
30-Dec-22 20:37:36 - urllib3.connectionpool - DEBUG - https://p2p.binance.com:443 "POST /bapi/c2c/v2/friendly/c2c/adv/search HTTP/1.1" 200 3117
30-Dec-22 20:37:36 - RequestBuy - INFO - Request successful
30-Dec-22 20:37:36 - RequestBuy - INFO - Data written to file
30-Dec-22 20:37:36 - Main - INFO - --------------------
30-Dec-22 20:37:36 - RequestSell - INFO - Requesting data from Binance
30-Dec-22 20:37:36 - urllib3.connectionpool - DEBUG - Starting new HTTPS connection (1): p2p.binance.com:443
30-Dec-22 20:37:37 - urllib3.connectionpool - DEBUG - https://p2p.binance.com:443 "POST /bapi/c2c/v2/friendly/c2c/adv/search HTTP/1.1" 200 2541
30-Dec-22 20:37:37 - RequestSell - INFO - Request successful
30-Dec-22 20:37:37 - RequestSell - INFO - Data written to file
30-Dec-22 20:37:37 - Main - INFO - --------------------
30-Dec-22 20:38:05 - RequestBuy - INFO - Requesting data from Binance
30-Dec-22 20:38:05 - urllib3.connectionpool - DEBUG - Starting new HTTPS connection (1): p2p.binance.com:443
30-Dec-22 20:38:06 - urllib3.connectionpool - DEBUG - https://p2p.binance.com:443 "POST /bapi/c2c/v2/friendly/c2c/adv/search HTTP/1.1" 200 3131
30-Dec-22 20:38:06 - RequestBuy - INFO - Request successful
30-Dec-22 20:38:06 - RequestBuy - INFO - Data written to file
30-Dec-22 20:38:06 - Main - INFO - --------------------
30-Dec-22 20:38:06 - RequestSell - INFO - Requesting data from Binance
30-Dec-22 20:38:06 - urllib3.connectionpool - DEBUG - Starting new HTTPS connection (1): p2p.binance.com:443
30-Dec-22 20:38:07 - urllib3.connectionpool - DEBUG - https://p2p.binance.com:443 "POST /bapi/c2c/v2/friendly/c2c/adv/search HTTP/1.1" 200 2541
30-Dec-22 20:38:07 - RequestSell - INFO - Request successful
30-Dec-22 20:38:07 - RequestSell - INFO - Data written to file
30-Dec-22 20:38:07 - Main - INFO - --------------------
30-Dec-22 20:38:35 - RequestBuy - INFO - Requesting data from Binance
30-Dec-22 20:38:35 - urllib3.connectionpool - DEBUG - Starting new HTTPS connection (1): p2p.binance.com:443
30-Dec-22 20:38:36 - urllib3.connectionpool - DEBUG - https://p2p.binance.com:443 "POST /bapi/c2c/v2/friendly/c2c/adv/search HTTP/1.1" 200 3123
30-Dec-22 20:38:36 - RequestBuy - INFO - Request successful
30-Dec-22 20:38:36 - RequestBuy - INFO - Data written to file
30-Dec-22 20:38:36 - Main - INFO - --------------------
30-Dec-22 20:38:36 - RequestSell - INFO - Requesting data from Binance
30-Dec-22 20:38:36 - urllib3.connectionpool - DEBUG - Starting new HTTPS connection (1): p2p.binance.com:443
30-Dec-22 20:38:37 - urllib3.connectionpool - DEBUG - https://p2p.binance.com:443 "POST /bapi/c2c/v2/friendly/c2c/adv/search HTTP/1.1" 200 2541
30-Dec-22 20:38:37 - RequestSell - INFO - Request successful
30-Dec-22 20:38:37 - RequestSell - INFO - Data written to file
30-Dec-22 20:38:37 - Main - INFO - --------------------
30-Dec-22 20:39:05 - RequestBuy - INFO - Requesting data from Binance
30-Dec-22 20:39:05 - urllib3.connectionpool - DEBUG - Starting new HTTPS connection (1): p2p.binance.com:443
30-Dec-22 20:39:07 - urllib3.connectionpool - DEBUG - https://p2p.binance.com:443 "POST /bapi/c2c/v2/friendly/c2c/adv/search HTTP/1.1" 200 3114
30-Dec-22 20:39:07 - RequestBuy - INFO - Request successful
30-Dec-22 20:39:07 - RequestBuy - INFO - Data written to file
30-Dec-22 20:39:07 - Main - INFO - --------------------
30-Dec-22 20:39:07 - RequestSell - INFO - Requesting data from Binance
30-Dec-22 20:39:07 - urllib3.connectionpool - DEBUG - Starting new HTTPS connection (1): p2p.binance.com:443
30-Dec-22 20:39:08 - urllib3.connectionpool - DEBUG - https://p2p.binance.com:443 "POST /bapi/c2c/v2/friendly/c2c/adv/search HTTP/1.1" 200 2541
30-Dec-22 20:39:08 - RequestSell - INFO - Request successful
30-Dec-22 20:39:08 - RequestSell - INFO - Data written to file
30-Dec-22 20:39:08 - Main - INFO - --------------------
30-Dec-22 20:39:36 - RequestBuy - INFO - Requesting data from Binance
30-Dec-22 20:39:36 - urllib3.connectionpool - DEBUG - Starting new HTTPS connection (1): p2p.binance.com:443
30-Dec-22 20:39:37 - urllib3.connectionpool - DEBUG - https://p2p.binance.com:443 "POST /bapi/c2c/v2/friendly/c2c/adv/search HTTP/1.1" 200 3139
30-Dec-22 20:39:37 - RequestBuy - INFO - Request successful
30-Dec-22 20:39:37 - RequestBuy - INFO - Data written to file
30-Dec-22 20:39:37 - Main - INFO - --------------------
30-Dec-22 20:39:37 - RequestSell - INFO - Requesting data from Binance
30-Dec-22 20:39:37 - urllib3.connectionpool - DEBUG - Starting new HTTPS connection (1): p2p.binance.com:443
30-Dec-22 20:39:38 - urllib3.connectionpool - DEBUG - https://p2p.binance.com:443 "POST /bapi/c2c/v2/friendly/c2c/adv/search HTTP/1.1" 200 2541
30-Dec-22 20:39:38 - RequestSell - INFO - Request successful
30-Dec-22 20:39:38 - RequestSell - INFO - Data written to file
30-Dec-22 20:39:38 - Main - INFO - --------------------
30-Dec-22 20:40:06 - RequestBuy - INFO - Requesting data from Binance
30-Dec-22 20:40:06 - urllib3.connectionpool - DEBUG - Starting new HTTPS connection (1): p2p.binance.com:443
30-Dec-22 20:40:07 - urllib3.connectionpool - DEBUG - https://p2p.binance.com:443 "POST /bapi/c2c/v2/friendly/c2c/adv/search HTTP/1.1" 200 3138
30-Dec-22 20:40:07 - RequestBuy - INFO - Request successful
30-Dec-22 20:40:07 - RequestBuy - INFO - Data written to file
30-Dec-22 20:40:07 - Main - INFO - --------------------
30-Dec-22 20:40:07 - RequestSell - INFO - Requesting data from Binance
30-Dec-22 20:40:07 - urllib3.connectionpool - DEBUG - Starting new HTTPS connection (1): p2p.binance.com:443
30-Dec-22 20:40:08 - urllib3.connectionpool - DEBUG - https://p2p.binance.com:443 "POST /bapi/c2c/v2/friendly/c2c/adv/search HTTP/1.1" 200 2541
30-Dec-22 20:40:08 - RequestSell - INFO - Request successful
30-Dec-22 20:40:08 - RequestSell - INFO - Data written to file
30-Dec-22 20:40:08 - Main - INFO - --------------------
30-Dec-22 20:40:36 - RequestBuy - INFO - Requesting data from Binance
30-Dec-22 20:40:36 - urllib3.connectionpool - DEBUG - Starting new HTTPS connection (1): p2p.binance.com:443
30-Dec-22 20:40:37 - urllib3.connectionpool - DEBUG - https://p2p.binance.com:443 "POST /bapi/c2c/v2/friendly/c2c/adv/search HTTP/1.1" 200 3124
30-Dec-22 20:40:37 - RequestBuy - INFO - Request successful
30-Dec-22 20:40:37 - RequestBuy - INFO - Data written to file
30-Dec-22 20:40:37 - Main - INFO - --------------------
30-Dec-22 20:40:37 - RequestSell - INFO - Requesting data from Binance
30-Dec-22 20:40:37 - urllib3.connectionpool - DEBUG - Starting new HTTPS connection (1): p2p.binance.com:443
30-Dec-22 20:40:38 - urllib3.connectionpool - DEBUG - https://p2p.binance.com:443 "POST /bapi/c2c/v2/friendly/c2c/adv/search HTTP/1.1" 200 2541
30-Dec-22 20:40:38 - RequestSell - INFO - Request successful
30-Dec-22 20:40:38 - RequestSell - INFO - Data written to file
30-Dec-22 20:40:38 - Main - INFO - --------------------
30-Dec-22 20:41:06 - RequestBuy - INFO - Requesting data from Binance
30-Dec-22 20:41:06 - urllib3.connectionpool - DEBUG - Starting new HTTPS connection (1): p2p.binance.com:443
30-Dec-22 20:41:07 - urllib3.connectionpool - DEBUG - https://p2p.binance.com:443 "POST /bapi/c2c/v2/friendly/c2c/adv/search HTTP/1.1" 200 3139
30-Dec-22 20:41:07 - RequestBuy - INFO - Request successful
30-Dec-22 20:41:07 - RequestBuy - INFO - Data written to file
30-Dec-22 20:41:07 - Main - INFO - --------------------
30-Dec-22 20:41:07 - RequestSell - INFO - Requesting data from Binance
30-Dec-22 20:41:07 - urllib3.connectionpool - DEBUG - Starting new HTTPS connection (1): p2p.binance.com:443
30-Dec-22 20:41:09 - urllib3.connectionpool - DEBUG - https://p2p.binance.com:443 "POST /bapi/c2c/v2/friendly/c2c/adv/search HTTP/1.1" 200 2541
30-Dec-22 20:41:09 - RequestSell - INFO - Request successful
30-Dec-22 20:41:09 - RequestSell - INFO - Data written to file
30-Dec-22 20:41:09 - Main - INFO - --------------------
30-Dec-22 20:41:37 - RequestBuy - INFO - Requesting data from Binance
30-Dec-22 20:41:37 - urllib3.connectionpool - DEBUG - Starting new HTTPS connection (1): p2p.binance.com:443
30-Dec-22 20:41:38 - urllib3.connectionpool - DEBUG - https://p2p.binance.com:443 "POST /bapi/c2c/v2/friendly/c2c/adv/search HTTP/1.1" 200 3175
30-Dec-22 20:41:38 - RequestBuy - INFO - Request successful
30-Dec-22 20:41:38 - RequestBuy - INFO - Data written to file
30-Dec-22 20:41:38 - Main - INFO - --------------------
30-Dec-22 20:41:38 - RequestSell - INFO - Requesting data from Binance
30-Dec-22 20:41:38 - urllib3.connectionpool - DEBUG - Starting new HTTPS connection (1): p2p.binance.com:443
30-Dec-22 20:41:39 - urllib3.connectionpool - DEBUG - https://p2p.binance.com:443 "POST /bapi/c2c/v2/friendly/c2c/adv/search HTTP/1.1" 200 2541
30-Dec-22 20:41:39 - RequestSell - INFO - Request successful
30-Dec-22 20:41:39 - RequestSell - INFO - Data written to file
30-Dec-22 20:41:39 - Main - INFO - --------------------
30-Dec-22 20:42:07 - RequestBuy - INFO - Requesting data from Binance
30-Dec-22 20:42:07 - urllib3.connectionpool - DEBUG - Starting new HTTPS connection (1): p2p.binance.com:443
30-Dec-22 20:42:08 - urllib3.connectionpool - DEBUG - https://p2p.binance.com:443 "POST /bapi/c2c/v2/friendly/c2c/adv/search HTTP/1.1" 200 3209
30-Dec-22 20:42:08 - RequestBuy - INFO - Request successful
30-Dec-22 20:42:08 - RequestBuy - INFO - Data written to file
30-Dec-22 20:42:08 - Main - INFO - --------------------
30-Dec-22 20:42:08 - RequestSell - INFO - Requesting data from Binance
30-Dec-22 20:42:08 - urllib3.connectionpool - DEBUG - Starting new HTTPS connection (1): p2p.binance.com:443
30-Dec-22 20:42:09 - urllib3.connectionpool - DEBUG - https://p2p.binance.com:443 "POST /bapi/c2c/v2/friendly/c2c/adv/search HTTP/1.1" 200 2541
30-Dec-22 20:42:09 - RequestSell - INFO - Request successful
30-Dec-22 20:42:09 - RequestSell - INFO - Data written to file
30-Dec-22 20:42:09 - Main - INFO - --------------------
30-Dec-22 20:42:37 - RequestBuy - INFO - Requesting data from Binance
30-Dec-22 20:42:37 - urllib3.connectionpool - DEBUG - Starting new HTTPS connection (1): p2p.binance.com:443
30-Dec-22 20:42:38 - urllib3.connectionpool - DEBUG - https://p2p.binance.com:443 "POST /bapi/c2c/v2/friendly/c2c/adv/search HTTP/1.1" 200 3172
30-Dec-22 20:42:38 - RequestBuy - INFO - Request successful
30-Dec-22 20:42:38 - RequestBuy - INFO - Data written to file
30-Dec-22 20:42:38 - Main - INFO - --------------------
30-Dec-22 20:42:38 - RequestSell - INFO - Requesting data from Binance
30-Dec-22 20:42:38 - urllib3.connectionpool - DEBUG - Starting new HTTPS connection (1): p2p.binance.com:443
30-Dec-22 20:42:39 - urllib3.connectionpool - DEBUG - https://p2p.binance.com:443 "POST /bapi/c2c/v2/friendly/c2c/adv/search HTTP/1.1" 200 2541
30-Dec-22 20:42:39 - RequestSell - INFO - Request successful
30-Dec-22 20:42:39 - RequestSell - INFO - Data written to file
30-Dec-22 20:42:39 - Main - INFO - --------------------
30-Dec-22 20:43:07 - RequestBuy - INFO - Requesting data from Binance
30-Dec-22 20:43:07 - urllib3.connectionpool - DEBUG - Starting new HTTPS connection (1): p2p.binance.com:443
30-Dec-22 20:43:08 - urllib3.connectionpool - DEBUG - https://p2p.binance.com:443 "POST /bapi/c2c/v2/friendly/c2c/adv/search HTTP/1.1" 200 3185
30-Dec-22 20:43:08 - RequestBuy - INFO - Request successful
30-Dec-22 20:43:08 - RequestBuy - INFO - Data written to file
30-Dec-22 20:43:08 - Main - INFO - --------------------
30-Dec-22 20:43:08 - RequestSell - INFO - Requesting data from Binance
30-Dec-22 20:43:08 - urllib3.connectionpool - DEBUG - Starting new HTTPS connection (1): p2p.binance.com:443
30-Dec-22 20:43:09 - urllib3.connectionpool - DEBUG - https://p2p.binance.com:443 "POST /bapi/c2c/v2/friendly/c2c/adv/search HTTP/1.1" 200 2541
30-Dec-22 20:43:09 - RequestSell - INFO - Request successful
30-Dec-22 20:43:09 - RequestSell - INFO - Data written to file
30-Dec-22 20:43:09 - Main - INFO - --------------------
30-Dec-22 20:43:37 - RequestBuy - INFO - Requesting data from Binance
30-Dec-22 20:43:37 - urllib3.connectionpool - DEBUG - Starting new HTTPS connection (1): p2p.binance.com:443
30-Dec-22 20:43:38 - urllib3.connectionpool - DEBUG - https://p2p.binance.com:443 "POST /bapi/c2c/v2/friendly/c2c/adv/search HTTP/1.1" 200 3111
30-Dec-22 20:43:38 - RequestBuy - INFO - Request successful
30-Dec-22 20:43:38 - RequestBuy - INFO - Data written to file
30-Dec-22 20:43:38 - Main - INFO - --------------------
30-Dec-22 20:43:38 - RequestSell - INFO - Requesting data from Binance
30-Dec-22 20:43:38 - urllib3.connectionpool - DEBUG - Starting new HTTPS connection (1): p2p.binance.com:443
30-Dec-22 20:43:39 - urllib3.connectionpool - DEBUG - https://p2p.binance.com:443 "POST /bapi/c2c/v2/friendly/c2c/adv/search HTTP/1.1" 200 2537
30-Dec-22 20:43:39 - RequestSell - INFO - Request successful
30-Dec-22 20:43:39 - RequestSell - INFO - Data written to file
30-Dec-22 20:43:39 - Main - INFO - --------------------
30-Dec-22 20:44:07 - RequestBuy - INFO - Requesting data from Binance
30-Dec-22 20:44:07 - urllib3.connectionpool - DEBUG - Starting new HTTPS connection (1): p2p.binance.com:443
30-Dec-22 20:44:07 - urllib3.connectionpool - DEBUG - https://p2p.binance.com:443 "POST /bapi/c2c/v2/friendly/c2c/adv/search HTTP/1.1" 200 3100
30-Dec-22 20:44:07 - RequestBuy - INFO - Request successful
30-Dec-22 20:44:07 - RequestBuy - INFO - Data written to file
30-Dec-22 20:44:07 - Main - INFO - --------------------
30-Dec-22 20:44:07 - RequestSell - INFO - Requesting data from Binance
30-Dec-22 20:44:07 - urllib3.connectionpool - DEBUG - Starting new HTTPS connection (1): p2p.binance.com:443
30-Dec-22 20:44:08 - urllib3.connectionpool - DEBUG - https://p2p.binance.com:443 "POST /bapi/c2c/v2/friendly/c2c/adv/search HTTP/1.1" 200 2537
30-Dec-22 20:44:08 - RequestSell - INFO - Request successful
30-Dec-22 20:44:08 - RequestSell - INFO - Data written to file
30-Dec-22 20:44:08 - Main - INFO - --------------------
30-Dec-22 20:44:36 - RequestBuy - INFO - Requesting data from Binance
30-Dec-22 20:44:36 - urllib3.connectionpool - DEBUG - Starting new HTTPS connection (1): p2p.binance.com:443
30-Dec-22 20:44:38 - urllib3.connectionpool - DEBUG - https://p2p.binance.com:443 "POST /bapi/c2c/v2/friendly/c2c/adv/search HTTP/1.1" 200 3179
30-Dec-22 20:44:38 - RequestBuy - INFO - Request successful
30-Dec-22 20:44:38 - RequestBuy - INFO - Data written to file
30-Dec-22 20:44:38 - Main - INFO - --------------------
30-Dec-22 20:44:38 - RequestSell - INFO - Requesting data from Binance
30-Dec-22 20:44:38 - urllib3.connectionpool - DEBUG - Starting new HTTPS connection (1): p2p.binance.com:443
30-Dec-22 20:44:39 - urllib3.connectionpool - DEBUG - https://p2p.binance.com:443 "POST /bapi/c2c/v2/friendly/c2c/adv/search HTTP/1.1" 200 2538
30-Dec-22 20:44:39 - RequestSell - INFO - Request successful
30-Dec-22 20:44:39 - RequestSell - INFO - Data written to file
30-Dec-22 20:44:39 - Main - INFO - --------------------
30-Dec-22 20:45:07 - RequestBuy - INFO - Requesting data from Binance
30-Dec-22 20:45:07 - urllib3.connectionpool - DEBUG - Starting new HTTPS connection (1): p2p.binance.com:443
30-Dec-22 20:45:08 - urllib3.connectionpool - DEBUG - https://p2p.binance.com:443 "POST /bapi/c2c/v2/friendly/c2c/adv/search HTTP/1.1" 200 3196
30-Dec-22 20:45:08 - RequestBuy - INFO - Request successful
30-Dec-22 20:45:08 - RequestBuy - INFO - Data written to file
30-Dec-22 20:45:08 - Main - INFO - --------------------
30-Dec-22 20:45:08 - RequestSell - INFO - Requesting data from Binance
30-Dec-22 20:45:08 - urllib3.connectionpool - DEBUG - Starting new HTTPS connection (1): p2p.binance.com:443
30-Dec-22 20:45:09 - urllib3.connectionpool - DEBUG - https://p2p.binance.com:443 "POST /bapi/c2c/v2/friendly/c2c/adv/search HTTP/1.1" 200 2543
30-Dec-22 20:45:09 - RequestSell - INFO - Request successful
30-Dec-22 20:45:09 - RequestSell - INFO - Data written to file
30-Dec-22 20:45:09 - Main - INFO - --------------------
30-Dec-22 20:45:37 - RequestBuy - INFO - Requesting data from Binance
30-Dec-22 20:45:37 - urllib3.connectionpool - DEBUG - Starting new HTTPS connection (1): p2p.binance.com:443
30-Dec-22 20:45:38 - urllib3.connectionpool - DEBUG - https://p2p.binance.com:443 "POST /bapi/c2c/v2/friendly/c2c/adv/search HTTP/1.1" 200 3133
30-Dec-22 20:45:38 - RequestBuy - INFO - Request successful
30-Dec-22 20:45:38 - RequestBuy - INFO - Data written to file
30-Dec-22 20:45:38 - Main - INFO - --------------------
30-Dec-22 20:45:38 - RequestSell - INFO - Requesting data from Binance
30-Dec-22 20:45:38 - urllib3.connectionpool - DEBUG - Starting new HTTPS connection (1): p2p.binance.com:443
30-Dec-22 20:45:39 - urllib3.connectionpool - DEBUG - https://p2p.binance.com:443 "POST /bapi/c2c/v2/friendly/c2c/adv/search HTTP/1.1" 200 2540
30-Dec-22 20:45:39 - RequestSell - INFO - Request successful
30-Dec-22 20:45:39 - RequestSell - INFO - Data written to file
30-Dec-22 20:45:39 - Main - INFO - --------------------
30-Dec-22 20:46:07 - RequestBuy - INFO - Requesting data from Binance
30-Dec-22 20:46:07 - urllib3.connectionpool - DEBUG - Starting new HTTPS connection (1): p2p.binance.com:443
30-Dec-22 20:46:08 - urllib3.connectionpool - DEBUG - https://p2p.binance.com:443 "POST /bapi/c2c/v2/friendly/c2c/adv/search HTTP/1.1" 200 3208
30-Dec-22 20:46:08 - RequestBuy - INFO - Request successful
30-Dec-22 20:46:08 - RequestBuy - INFO - Data written to file
30-Dec-22 20:46:08 - Main - INFO - --------------------
30-Dec-22 20:46:08 - RequestSell - INFO - Requesting data from Binance
30-Dec-22 20:46:08 - urllib3.connectionpool - DEBUG - Starting new HTTPS connection (1): p2p.binance.com:443
30-Dec-22 20:46:09 - urllib3.connectionpool - DEBUG - https://p2p.binance.com:443 "POST /bapi/c2c/v2/friendly/c2c/adv/search HTTP/1.1" 200 2539
30-Dec-22 20:46:09 - RequestSell - INFO - Request successful
30-Dec-22 20:46:09 - RequestSell - INFO - Data written to file
30-Dec-22 20:46:09 - Main - INFO - --------------------
30-Dec-22 20:46:37 - RequestBuy - INFO - Requesting data from Binance
30-Dec-22 20:46:37 - urllib3.connectionpool - DEBUG - Starting new HTTPS connection (1): p2p.binance.com:443
30-Dec-22 20:46:38 - urllib3.connectionpool - DEBUG - https://p2p.binance.com:443 "POST /bapi/c2c/v2/friendly/c2c/adv/search HTTP/1.1" 200 3217
30-Dec-22 20:46:38 - RequestBuy - INFO - Request successful
30-Dec-22 20:46:38 - RequestBuy - INFO - Data written to file
30-Dec-22 20:46:38 - Main - INFO - --------------------
30-Dec-22 20:46:38 - RequestSell - INFO - Requesting data from Binance
30-Dec-22 20:46:38 - urllib3.connectionpool - DEBUG - Starting new HTTPS connection (1): p2p.binance.com:443
30-Dec-22 20:46:39 - urllib3.connectionpool - DEBUG - https://p2p.binance.com:443 "POST /bapi/c2c/v2/friendly/c2c/adv/search HTTP/1.1" 200 2539
30-Dec-22 20:46:39 - RequestSell - INFO - Request successful
30-Dec-22 20:46:39 - RequestSell - INFO - Data written to file
30-Dec-22 20:46:39 - Main - INFO - --------------------
30-Dec-22 20:47:07 - RequestBuy - INFO - Requesting data from Binance
30-Dec-22 20:47:07 - urllib3.connectionpool - DEBUG - Starting new HTTPS connection (1): p2p.binance.com:443
30-Dec-22 20:47:08 - urllib3.connectionpool - DEBUG - https://p2p.binance.com:443 "POST /bapi/c2c/v2/friendly/c2c/adv/search HTTP/1.1" 200 3232
30-Dec-22 20:47:08 - RequestBuy - INFO - Request successful
30-Dec-22 20:47:08 - RequestBuy - INFO - Data written to file
30-Dec-22 20:47:08 - Main - INFO - --------------------
30-Dec-22 20:47:08 - RequestSell - INFO - Requesting data from Binance
30-Dec-22 20:47:08 - urllib3.connectionpool - DEBUG - Starting new HTTPS connection (1): p2p.binance.com:443
30-Dec-22 20:47:09 - urllib3.connectionpool - DEBUG - https://p2p.binance.com:443 "POST /bapi/c2c/v2/friendly/c2c/adv/search HTTP/1.1" 200 2539
30-Dec-22 20:47:09 - RequestSell - INFO - Request successful
30-Dec-22 20:47:09 - RequestSell - INFO - Data written to file
30-Dec-22 20:47:09 - Main - INFO - --------------------
30-Dec-22 20:47:37 - RequestBuy - INFO - Requesting data from Binance
30-Dec-22 20:47:37 - urllib3.connectionpool - DEBUG - Starting new HTTPS connection (1): p2p.binance.com:443
30-Dec-22 20:47:38 - urllib3.connectionpool - DEBUG - https://p2p.binance.com:443 "POST /bapi/c2c/v2/friendly/c2c/adv/search HTTP/1.1" 200 3255
30-Dec-22 20:47:38 - RequestBuy - INFO - Request successful
30-Dec-22 20:47:38 - RequestBuy - INFO - Data written to file
30-Dec-22 20:47:38 - Main - INFO - --------------------
30-Dec-22 20:47:38 - RequestSell - INFO - Requesting data from Binance
30-Dec-22 20:47:38 - urllib3.connectionpool - DEBUG - Starting new HTTPS connection (1): p2p.binance.com:443
30-Dec-22 20:47:39 - urllib3.connectionpool - DEBUG - https://p2p.binance.com:443 "POST /bapi/c2c/v2/friendly/c2c/adv/search HTTP/1.1" 200 2539
30-Dec-22 20:47:39 - RequestSell - INFO - Request successful
30-Dec-22 20:47:39 - RequestSell - INFO - Data written to file
30-Dec-22 20:47:39 - Main - INFO - --------------------
30-Dec-22 20:48:07 - RequestBuy - INFO - Requesting data from Binance
30-Dec-22 20:48:07 - urllib3.connectionpool - DEBUG - Starting new HTTPS connection (1): p2p.binance.com:443
30-Dec-22 20:48:08 - urllib3.connectionpool - DEBUG - https://p2p.binance.com:443 "POST /bapi/c2c/v2/friendly/c2c/adv/search HTTP/1.1" 200 3282
30-Dec-22 20:48:08 - RequestBuy - INFO - Request successful
30-Dec-22 20:48:08 - RequestBuy - INFO - Data written to file
30-Dec-22 20:48:08 - Main - INFO - --------------------
30-Dec-22 20:48:08 - RequestSell - INFO - Requesting data from Binance
30-Dec-22 20:48:08 - urllib3.connectionpool - DEBUG - Starting new HTTPS connection (1): p2p.binance.com:443
30-Dec-22 20:48:09 - urllib3.connectionpool - DEBUG - https://p2p.binance.com:443 "POST /bapi/c2c/v2/friendly/c2c/adv/search HTTP/1.1" 200 2539
30-Dec-22 20:48:09 - RequestSell - INFO - Request successful
30-Dec-22 20:48:09 - RequestSell - INFO - Data written to file
30-Dec-22 20:48:09 - Main - INFO - --------------------
30-Dec-22 20:48:37 - RequestBuy - INFO - Requesting data from Binance
30-Dec-22 20:48:37 - urllib3.connectionpool - DEBUG - Starting new HTTPS connection (1): p2p.binance.com:443
30-Dec-22 20:48:39 - urllib3.connectionpool - DEBUG - https://p2p.binance.com:443 "POST /bapi/c2c/v2/friendly/c2c/adv/search HTTP/1.1" 200 3168
30-Dec-22 20:48:39 - RequestBuy - INFO - Request successful
30-Dec-22 20:48:39 - RequestBuy - INFO - Data written to file
30-Dec-22 20:48:39 - Main - INFO - --------------------
30-Dec-22 20:48:39 - RequestSell - INFO - Requesting data from Binance
30-Dec-22 20:48:39 - urllib3.connectionpool - DEBUG - Starting new HTTPS connection (1): p2p.binance.com:443
30-Dec-22 20:48:40 - urllib3.connectionpool - DEBUG - https://p2p.binance.com:443 "POST /bapi/c2c/v2/friendly/c2c/adv/search HTTP/1.1" 200 2539
30-Dec-22 20:48:40 - RequestSell - INFO - Request successful
30-Dec-22 20:48:40 - RequestSell - INFO - Data written to file
30-Dec-22 20:48:40 - Main - INFO - --------------------
30-Dec-22 20:49:08 - RequestBuy - INFO - Requesting data from Binance
30-Dec-22 20:49:08 - urllib3.connectionpool - DEBUG - Starting new HTTPS connection (1): p2p.binance.com:443
30-Dec-22 20:49:09 - urllib3.connectionpool - DEBUG - https://p2p.binance.com:443 "POST /bapi/c2c/v2/friendly/c2c/adv/search HTTP/1.1" 200 3199
30-Dec-22 20:49:09 - RequestBuy - INFO - Request successful
30-Dec-22 20:49:09 - RequestBuy - INFO - Data written to file
30-Dec-22 20:49:09 - Main - INFO - --------------------
30-Dec-22 20:49:09 - RequestSell - INFO - Requesting data from Binance
30-Dec-22 20:49:09 - urllib3.connectionpool - DEBUG - Starting new HTTPS connection (1): p2p.binance.com:443
30-Dec-22 20:49:10 - urllib3.connectionpool - DEBUG - https://p2p.binance.com:443 "POST /bapi/c2c/v2/friendly/c2c/adv/search HTTP/1.1" 200 2540
30-Dec-22 20:49:10 - RequestSell - INFO - Request successful
30-Dec-22 20:49:10 - RequestSell - INFO - Data written to file
30-Dec-22 20:49:10 - Main - INFO - --------------------
30-Dec-22 20:49:38 - RequestBuy - INFO - Requesting data from Binance
30-Dec-22 20:49:38 - urllib3.connectionpool - DEBUG - Starting new HTTPS connection (1): p2p.binance.com:443
30-Dec-22 20:49:39 - urllib3.connectionpool - DEBUG - https://p2p.binance.com:443 "POST /bapi/c2c/v2/friendly/c2c/adv/search HTTP/1.1" 200 3210
30-Dec-22 20:49:39 - RequestBuy - INFO - Request successful
30-Dec-22 20:49:39 - RequestBuy - INFO - Data written to file
30-Dec-22 20:49:39 - Main - INFO - --------------------
30-Dec-22 20:49:39 - RequestSell - INFO - Requesting data from Binance
30-Dec-22 20:49:39 - urllib3.connectionpool - DEBUG - Starting new HTTPS connection (1): p2p.binance.com:443
30-Dec-22 20:49:40 - urllib3.connectionpool - DEBUG - https://p2p.binance.com:443 "POST /bapi/c2c/v2/friendly/c2c/adv/search HTTP/1.1" 200 2540
30-Dec-22 20:49:40 - RequestSell - INFO - Request successful
30-Dec-22 20:49:40 - RequestSell - INFO - Data written to file
30-Dec-22 20:49:40 - Main - INFO - --------------------
30-Dec-22 20:50:08 - RequestBuy - INFO - Requesting data from Binance
30-Dec-22 20:50:08 - urllib3.connectionpool - DEBUG - Starting new HTTPS connection (1): p2p.binance.com:443
30-Dec-22 20:50:09 - urllib3.connectionpool - DEBUG - https://p2p.binance.com:443 "POST /bapi/c2c/v2/friendly/c2c/adv/search HTTP/1.1" 200 3175
30-Dec-22 20:50:09 - RequestBuy - INFO - Request successful
30-Dec-22 20:50:09 - RequestBuy - INFO - Data written to file
30-Dec-22 20:50:09 - Main - INFO - --------------------
30-Dec-22 20:50:09 - RequestSell - INFO - Requesting data from Binance
30-Dec-22 20:50:09 - urllib3.connectionpool - DEBUG - Starting new HTTPS connection (1): p2p.binance.com:443
30-Dec-22 20:50:10 - urllib3.connectionpool - DEBUG - https://p2p.binance.com:443 "POST /bapi/c2c/v2/friendly/c2c/adv/search HTTP/1.1" 200 2537
30-Dec-22 20:50:10 - RequestSell - INFO - Request successful
30-Dec-22 20:50:10 - RequestSell - INFO - Data written to file
30-Dec-22 20:50:10 - Main - INFO - --------------------
30-Dec-22 20:50:38 - RequestBuy - INFO - Requesting data from Binance
30-Dec-22 20:50:38 - urllib3.connectionpool - DEBUG - Starting new HTTPS connection (1): p2p.binance.com:443
30-Dec-22 20:50:39 - urllib3.connectionpool - DEBUG - https://p2p.binance.com:443 "POST /bapi/c2c/v2/friendly/c2c/adv/search HTTP/1.1" 200 3111
30-Dec-22 20:50:39 - RequestBuy - INFO - Request successful
30-Dec-22 20:50:39 - RequestBuy - INFO - Data written to file
30-Dec-22 20:50:39 - Main - INFO - --------------------
30-Dec-22 20:50:39 - RequestSell - INFO - Requesting data from Binance
30-Dec-22 20:50:39 - urllib3.connectionpool - DEBUG - Starting new HTTPS connection (1): p2p.binance.com:443
30-Dec-22 20:50:41 - urllib3.connectionpool - DEBUG - https://p2p.binance.com:443 "POST /bapi/c2c/v2/friendly/c2c/adv/search HTTP/1.1" 200 2537
30-Dec-22 20:50:41 - RequestSell - INFO - Request successful
30-Dec-22 20:50:41 - RequestSell - INFO - Data written to file
30-Dec-22 20:50:41 - Main - INFO - --------------------
30-Dec-22 20:51:09 - RequestBuy - INFO - Requesting data from Binance
30-Dec-22 20:51:09 - urllib3.connectionpool - DEBUG - Starting new HTTPS connection (1): p2p.binance.com:443
30-Dec-22 20:51:10 - urllib3.connectionpool - DEBUG - https://p2p.binance.com:443 "POST /bapi/c2c/v2/friendly/c2c/adv/search HTTP/1.1" 200 3083
30-Dec-22 20:51:10 - RequestBuy - INFO - Request successful
30-Dec-22 20:51:10 - RequestBuy - INFO - Data written to file
30-Dec-22 20:51:10 - Main - INFO - --------------------
30-Dec-22 20:51:10 - RequestSell - INFO - Requesting data from Binance
30-Dec-22 20:51:10 - urllib3.connectionpool - DEBUG - Starting new HTTPS connection (1): p2p.binance.com:443
30-Dec-22 20:51:11 - urllib3.connectionpool - DEBUG - https://p2p.binance.com:443 "POST /bapi/c2c/v2/friendly/c2c/adv/search HTTP/1.1" 200 2537
30-Dec-22 20:51:11 - RequestSell - INFO - Request successful
30-Dec-22 20:51:11 - RequestSell - INFO - Data written to file
30-Dec-22 20:51:11 - Main - INFO - --------------------
30-Dec-22 20:51:39 - RequestBuy - INFO - Requesting data from Binance
30-Dec-22 20:51:39 - urllib3.connectionpool - DEBUG - Starting new HTTPS connection (1): p2p.binance.com:443
30-Dec-22 20:51:40 - urllib3.connectionpool - DEBUG - https://p2p.binance.com:443 "POST /bapi/c2c/v2/friendly/c2c/adv/search HTTP/1.1" 200 3104
30-Dec-22 20:51:40 - RequestBuy - INFO - Request successful
30-Dec-22 20:51:40 - RequestBuy - INFO - Data written to file
30-Dec-22 20:51:40 - Main - INFO - --------------------
30-Dec-22 20:51:40 - RequestSell - INFO - Requesting data from Binance
30-Dec-22 20:51:40 - urllib3.connectionpool - DEBUG - Starting new HTTPS connection (1): p2p.binance.com:443
30-Dec-22 20:51:41 - urllib3.connectionpool - DEBUG - https://p2p.binance.com:443 "POST /bapi/c2c/v2/friendly/c2c/adv/search HTTP/1.1" 200 2537
30-Dec-22 20:51:41 - RequestSell - INFO - Request successful
30-Dec-22 20:51:41 - RequestSell - INFO - Data written to file
30-Dec-22 20:51:41 - Main - INFO - --------------------
30-Dec-22 20:52:09 - RequestBuy - INFO - Requesting data from Binance
30-Dec-22 20:52:09 - urllib3.connectionpool - DEBUG - Starting new HTTPS connection (1): p2p.binance.com:443
30-Dec-22 20:52:10 - urllib3.connectionpool - DEBUG - https://p2p.binance.com:443 "POST /bapi/c2c/v2/friendly/c2c/adv/search HTTP/1.1" 200 3128
30-Dec-22 20:52:10 - RequestBuy - INFO - Request successful
30-Dec-22 20:52:10 - RequestBuy - INFO - Data written to file
30-Dec-22 20:52:10 - Main - INFO - --------------------
30-Dec-22 20:52:10 - RequestSell - INFO - Requesting data from Binance
30-Dec-22 20:52:10 - urllib3.connectionpool - DEBUG - Starting new HTTPS connection (1): p2p.binance.com:443
30-Dec-22 20:52:11 - urllib3.connectionpool - DEBUG - https://p2p.binance.com:443 "POST /bapi/c2c/v2/friendly/c2c/adv/search HTTP/1.1" 200 2537
30-Dec-22 20:52:11 - RequestSell - INFO - Request successful
30-Dec-22 20:52:11 - RequestSell - INFO - Data written to file
30-Dec-22 20:52:11 - Main - INFO - --------------------
30-Dec-22 20:52:39 - RequestBuy - INFO - Requesting data from Binance
30-Dec-22 20:52:39 - urllib3.connectionpool - DEBUG - Starting new HTTPS connection (1): p2p.binance.com:443
30-Dec-22 20:52:41 - urllib3.connectionpool - DEBUG - https://p2p.binance.com:443 "POST /bapi/c2c/v2/friendly/c2c/adv/search HTTP/1.1" 200 3123
30-Dec-22 20:52:41 - RequestBuy - INFO - Request successful
30-Dec-22 20:52:41 - RequestBuy - INFO - Data written to file
30-Dec-22 20:52:41 - Main - INFO - --------------------
30-Dec-22 20:52:41 - RequestSell - INFO - Requesting data from Binance
30-Dec-22 20:52:41 - urllib3.connectionpool - DEBUG - Starting new HTTPS connection (1): p2p.binance.com:443
30-Dec-22 20:52:42 - urllib3.connectionpool - DEBUG - https://p2p.binance.com:443 "POST /bapi/c2c/v2/friendly/c2c/adv/search HTTP/1.1" 200 2538
30-Dec-22 20:52:42 - RequestSell - INFO - Request successful
30-Dec-22 20:52:42 - RequestSell - INFO - Data written to file
30-Dec-22 20:52:42 - Main - INFO - --------------------
30-Dec-22 20:53:10 - RequestBuy - INFO - Requesting data from Binance
30-Dec-22 20:53:10 - urllib3.connectionpool - DEBUG - Starting new HTTPS connection (1): p2p.binance.com:443
30-Dec-22 20:53:11 - urllib3.connectionpool - DEBUG - https://p2p.binance.com:443 "POST /bapi/c2c/v2/friendly/c2c/adv/search HTTP/1.1" 200 3134
30-Dec-22 20:53:11 - RequestBuy - INFO - Request successful
30-Dec-22 20:53:11 - RequestBuy - INFO - Data written to file
30-Dec-22 20:53:11 - Main - INFO - --------------------
30-Dec-22 20:53:11 - RequestSell - INFO - Requesting data from Binance
30-Dec-22 20:53:11 - urllib3.connectionpool - DEBUG - Starting new HTTPS connection (1): p2p.binance.com:443
30-Dec-22 20:53:12 - urllib3.connectionpool - DEBUG - https://p2p.binance.com:443 "POST /bapi/c2c/v2/friendly/c2c/adv/search HTTP/1.1" 200 2538
30-Dec-22 20:53:12 - RequestSell - INFO - Request successful
30-Dec-22 20:53:12 - RequestSell - INFO - Data written to file
30-Dec-22 20:53:12 - Main - INFO - --------------------
30-Dec-22 20:53:40 - RequestBuy - INFO - Requesting data from Binance
30-Dec-22 20:53:40 - urllib3.connectionpool - DEBUG - Starting new HTTPS connection (1): p2p.binance.com:443
